\BOOKMARK [1][-]{section.1}{\376\377\000S\000c\000o\000p\000e\000\040\000a\000n\000d\000\040\000d\000e\000s\000i\000g\000n\000\040\000g\000o\000a\000l\000s}{}% 1
\BOOKMARK [1][-]{section.2}{\376\377\000H\000i\000g\000h\000-\000l\000e\000v\000e\000l\000\040\000a\000r\000c\000h\000i\000t\000e\000c\000t\000u\000r\000e}{}% 2
\BOOKMARK [2][-]{subsection.2.1}{\376\377\000D\000a\000t\000a\000\040\000f\000l\000o\000w}{section.2}% 3
\BOOKMARK [2][-]{subsection.2.2}{\376\377\000M\000o\000d\000u\000l\000e\000\040\000m\000a\000p}{section.2}% 4
\BOOKMARK [1][-]{section.3}{\376\377\000C\000a\000n\000o\000n\000i\000c\000a\000l\000\040\000m\000o\000d\000e\000l\000:\000\040\000R\000a\000w\000D\000o\000c\000u\000m\000e\000n\000t}{}% 5
\BOOKMARK [1][-]{section.4}{\376\377\000I\000n\000g\000e\000s\000t\000o\000r\000B\000a\000s\000e\000\040\000c\000o\000n\000t\000r\000a\000c\000t}{}% 6
\BOOKMARK [1][-]{section.5}{\376\377\000C\000o\000n\000n\000e\000c\000t\000o\000r\000s\000\040\000\050\000d\000e\000t\000a\000i\000l\000e\000d\000\051}{}% 7
\BOOKMARK [2][-]{subsection.5.1}{\376\377\000W\000e\000b\000C\000o\000n\000n\000e\000c\000t\000o\000r\000\040\000\050\000w\000e\000b\000\137\000c\000o\000n\000n\000e\000c\000t\000o\000r\000.\000p\000y\000\051}{section.5}% 8
\BOOKMARK [2][-]{subsection.5.2}{\376\377\000P\000D\000F\000C\000o\000n\000n\000e\000c\000t\000o\000r\000\040\000\050\000p\000d\000f\000\137\000c\000o\000n\000n\000e\000c\000t\000o\000r\000.\000p\000y\000\051}{section.5}% 9
\BOOKMARK [2][-]{subsection.5.3}{\376\377\000R\000S\000S\000C\000o\000n\000n\000e\000c\000t\000o\000r\000\040\000\050\000r\000s\000s\000\137\000c\000o\000n\000n\000e\000c\000t\000o\000r\000.\000p\000y\000\051}{section.5}% 10
\BOOKMARK [2][-]{subsection.5.4}{\376\377\000X\000M\000L\000C\000o\000n\000n\000e\000c\000t\000o\000r\000\040\000\050\000x\000m\000l\000\137\000c\000o\000n\000n\000e\000c\000t\000o\000r\000.\000p\000y\000\051}{section.5}% 11
\BOOKMARK [2][-]{subsection.5.5}{\376\377\000E\000m\000a\000i\000l\000C\000o\000n\000n\000e\000c\000t\000o\000r\000\040\000\050\000e\000m\000a\000i\000l\000\137\000c\000o\000n\000n\000e\000c\000t\000o\000r\000.\000p\000y\000\051}{section.5}% 12
\BOOKMARK [1][-]{section.6}{\376\377\000U\000R\000L\000\040\000u\000t\000i\000l\000i\000t\000i\000e\000s\000\040\000\050\000u\000r\000l\000\137\000u\000t\000i\000l\000s\000.\000p\000y\000\051}{}% 13
\BOOKMARK [1][-]{section.7}{\376\377\000H\000T\000T\000P\000/\000T\000L\000S\000\040\000h\000e\000l\000p\000e\000r\000s\000\040\000\050\000h\000t\000t\000p\000\137\000u\000t\000i\000l\000s\000.\000p\000y\000\051}{}% 14
\BOOKMARK [1][-]{section.8}{\376\377\000P\000e\000r\000s\000i\000s\000t\000e\000n\000c\000e\000\040\000\050\000s\000t\000o\000r\000a\000g\000e\000.\000p\000y\000\051}{}% 15
\BOOKMARK [1][-]{section.9}{\376\377\000A\000r\000t\000i\000f\000a\000c\000t\000\040\000s\000t\000o\000r\000e\000\040\000\050\000a\000r\000t\000i\000f\000a\000c\000t\000\137\000s\000t\000o\000r\000e\000.\000p\000y\000\051}{}% 16
\BOOKMARK [1][-]{section.10}{\376\377\000C\000e\000l\000e\000r\000y\000\040\000o\000r\000c\000h\000e\000s\000t\000r\000a\000t\000i\000o\000n\000\040\000\050\000c\000e\000l\000e\000r\000y\000\137\000a\000p\000p\000.\000p\000y\000\051}{}% 17
\BOOKMARK [1][-]{section.11}{\376\377\000C\000o\000n\000f\000i\000g\000u\000r\000a\000t\000i\000o\000n\000\040\000\050\000a\000p\000p\000/\000c\000o\000n\000f\000i\000g\000.\000p\000y\000\051}{}% 18
\BOOKMARK [1][-]{section.12}{\376\377\000D\000e\000p\000e\000n\000d\000e\000n\000c\000i\000e\000s\000\040\000\050\000i\000n\000g\000e\000s\000t\000i\000o\000n\000-\000r\000e\000l\000a\000t\000e\000d\000\051}{}% 19
\BOOKMARK [1][-]{section.13}{\376\377\000H\000o\000w\000\040\000t\000o\000\040\000b\000u\000i\000l\000d\000\040\000t\000h\000i\000s\000\040\000P\000D\000F}{}% 20
\BOOKMARK [1][-]{section.14}{\376\377\000S\000u\000m\000m\000a\000r\000y}{}% 21
