\BOOKMARK [1][-]{section.1}{\376\377\000I\000n\000t\000r\000o\000d\000u\000c\000t\000i\000o\000n\000\040\000a\000n\000d\000\040\000P\000u\000r\000p\000o\000s\000e}{}% 1
\BOOKMARK [2][-]{subsection.1.1}{\376\377\000W\000h\000a\000t\000\040\000i\000s\000\040\000R\000e\000g\000u\000l\000a\000t\000o\000r\000y\000\040\000W\000a\000t\000c\000h\000?}{section.1}% 2
\BOOKMARK [2][-]{subsection.1.2}{\376\377\000B\000u\000s\000i\000n\000e\000s\000s\000\040\000M\000o\000t\000i\000v\000a\000t\000i\000o\000n}{section.1}% 3
\BOOKMARK [2][-]{subsection.1.3}{\376\377\000C\000u\000r\000r\000e\000n\000t\000\040\000D\000e\000v\000e\000l\000o\000p\000m\000e\000n\000t\000\040\000S\000t\000a\000g\000e}{section.1}% 4
\BOOKMARK [1][-]{section.2}{\376\377\000T\000e\000c\000h\000n\000o\000l\000o\000g\000y\000\040\000S\000t\000a\000c\000k}{}% 5
\BOOKMARK [1][-]{section.3}{\376\377\000S\000y\000s\000t\000e\000m\000\040\000A\000r\000c\000h\000i\000t\000e\000c\000t\000u\000r\000e}{}% 6
\BOOKMARK [2][-]{subsection.3.1}{\376\377\000A\000r\000c\000h\000i\000t\000e\000c\000t\000u\000r\000a\000l\000\040\000O\000v\000e\000r\000v\000i\000e\000w}{section.3}% 7
\BOOKMARK [2][-]{subsection.3.2}{\376\377\000S\000e\000r\000v\000i\000c\000e\000\040\000M\000a\000p}{section.3}% 8
\BOOKMARK [2][-]{subsection.3.3}{\376\377\000D\000o\000c\000k\000e\000r\000\040\000C\000o\000m\000p\000o\000s\000e\000\040\000S\000e\000r\000v\000i\000c\000e\000s}{section.3}% 9
\BOOKMARK [3][-]{subsubsection.3.3.1}{\376\377\000H\000e\000a\000l\000t\000h\000\040\000C\000h\000e\000c\000k\000s}{subsection.3.3}% 10
\BOOKMARK [3][-]{subsubsection.3.3.2}{\376\377\000C\000e\000l\000e\000r\000y\000\040\000W\000o\000r\000k\000e\000r\000\040\000a\000n\000d\000\040\000B\000e\000a\000t\000\040\000C\000o\000-\000l\000o\000c\000a\000t\000i\000o\000n}{subsection.3.3}% 11
\BOOKMARK [2][-]{subsection.3.4}{\376\377\000F\000a\000s\000t\000A\000P\000I\000\040\000A\000p\000p\000l\000i\000c\000a\000t\000i\000o\000n\000\040\000S\000t\000r\000u\000c\000t\000u\000r\000e}{section.3}% 12
\BOOKMARK [2][-]{subsection.3.5}{\376\377\000K\000a\000f\000k\000a\000\040\000I\000n\000t\000e\000g\000r\000a\000t\000i\000o\000n\000\040\000\050\000R\000e\000s\000e\000r\000v\000e\000d\000\051}{section.3}% 13
\BOOKMARK [1][-]{section.4}{\376\377\000D\000a\000t\000a\000b\000a\000s\000e\000\040\000S\000c\000h\000e\000m\000a}{}% 14
\BOOKMARK [2][-]{subsection.4.1}{\376\377\000M\000i\000g\000r\000a\000t\000i\000o\000n\000\040\000H\000i\000s\000t\000o\000r\000y}{section.4}% 15
\BOOKMARK [2][-]{subsection.4.2}{\376\377\000T\000a\000b\000l\000e\000s\000\040\000O\000v\000e\000r\000v\000i\000e\000w}{section.4}% 16
\BOOKMARK [2][-]{subsection.4.3}{\376\377\000T\000h\000e\000\040\000r\000a\000w\000\137\000d\000o\000c\000u\000m\000e\000n\000t\000s\000\040\000T\000a\000b\000l\000e}{section.4}% 17
\BOOKMARK [3][-]{subsubsection.4.3.1}{\376\377\000C\000o\000n\000s\000t\000r\000a\000i\000n\000t\000s\000\040\000a\000n\000d\000\040\000I\000n\000d\000e\000x\000e\000s}{subsection.4.3}% 18
\BOOKMARK [2][-]{subsection.4.4}{\376\377\000T\000h\000e\000\040\000d\000o\000m\000a\000i\000n\000s\000\040\000T\000a\000b\000l\000e}{section.4}% 19
\BOOKMARK [2][-]{subsection.4.5}{\376\377\000T\000h\000e\000\040\000u\000r\000l\000s\000\040\000T\000a\000b\000l\000e}{section.4}% 20
\BOOKMARK [2][-]{subsection.4.6}{\376\377\000T\000h\000e\000\040\000f\000e\000t\000c\000h\000\137\000r\000u\000n\000s\000\040\000a\000n\000d\000\040\000f\000e\000t\000c\000h\000\137\000a\000t\000t\000e\000m\000p\000t\000s\000\040\000T\000a\000b\000l\000e\000s}{section.4}% 21
\BOOKMARK [1][-]{section.5}{\376\377\000D\000a\000t\000a\000\040\000I\000n\000g\000e\000s\000t\000i\000o\000n\000\040\000L\000a\000y\000e\000r}{}% 22
\BOOKMARK [2][-]{subsection.5.1}{\376\377\000D\000e\000s\000i\000g\000n\000\040\000P\000r\000i\000n\000c\000i\000p\000l\000e\000s}{section.5}% 23
\BOOKMARK [2][-]{subsection.5.2}{\376\377\000C\000o\000n\000n\000e\000c\000t\000o\000r\000\040\0001\000\040\040\024\000\040\000W\000e\000b\000C\000o\000n\000n\000e\000c\000t\000o\000r\000\040\000\050\000T\0002\000.\0002\000\051}{section.5}% 24
\BOOKMARK [3][-]{subsubsection.5.2.1}{\376\377\000P\000u\000r\000p\000o\000s\000e}{subsection.5.2}% 25
\BOOKMARK [3][-]{subsubsection.5.2.2}{\376\377\000I\000m\000p\000l\000e\000m\000e\000n\000t\000a\000t\000i\000o\000n}{subsection.5.2}% 26
\BOOKMARK [3][-]{subsubsection.5.2.3}{\376\377\000C\000o\000n\000f\000i\000g\000u\000r\000a\000t\000i\000o\000n\000\040\000P\000a\000r\000a\000m\000e\000t\000e\000r\000s}{subsection.5.2}% 27
\BOOKMARK [3][-]{subsubsection.5.2.4}{\376\377\000S\000c\000h\000e\000d\000u\000l\000e\000d\000\040\000R\000u\000n\000s\000\040\000\050\000C\000e\000l\000e\000r\000y\000\040\000B\000e\000a\000t\000\051}{subsection.5.2}% 28
\BOOKMARK [2][-]{subsection.5.3}{\376\377\000C\000o\000n\000n\000e\000c\000t\000o\000r\000\040\0002\000\040\040\024\000\040\000R\000S\000S\000C\000o\000n\000n\000e\000c\000t\000o\000r\000\040\000\050\000T\0002\000.\0004\000\051}{section.5}% 29
\BOOKMARK [3][-]{subsubsection.5.3.1}{\376\377\000P\000u\000r\000p\000o\000s\000e}{subsection.5.3}% 30
\BOOKMARK [3][-]{subsubsection.5.3.2}{\376\377\000I\000m\000p\000l\000e\000m\000e\000n\000t\000a\000t\000i\000o\000n}{subsection.5.3}% 31
\BOOKMARK [3][-]{subsubsection.5.3.3}{\376\377\000S\000c\000h\000e\000d\000u\000l\000e\000d\000\040\000R\000u\000n\000s}{subsection.5.3}% 32
\BOOKMARK [2][-]{subsection.5.4}{\376\377\000C\000o\000n\000n\000e\000c\000t\000o\000r\000\040\0003\000\040\040\024\000\040\000P\000D\000F\000C\000o\000n\000n\000e\000c\000t\000o\000r\000\040\000\050\000T\0002\000.\0003\000\051}{section.5}% 33
\BOOKMARK [3][-]{subsubsection.5.4.1}{\376\377\000P\000u\000r\000p\000o\000s\000e}{subsection.5.4}% 34
\BOOKMARK [3][-]{subsubsection.5.4.2}{\376\377\000I\000m\000p\000l\000e\000m\000e\000n\000t\000a\000t\000i\000o\000n}{subsection.5.4}% 35
\BOOKMARK [3][-]{subsubsection.5.4.3}{\376\377\000T\000a\000b\000l\000e\000\040\000R\000e\000n\000d\000e\000r\000i\000n\000g}{subsection.5.4}% 36
\BOOKMARK [3][-]{subsubsection.5.4.4}{\376\377\000S\000c\000h\000e\000d\000u\000l\000e}{subsection.5.4}% 37
\BOOKMARK [2][-]{subsection.5.5}{\376\377\000C\000o\000n\000n\000e\000c\000t\000o\000r\000\040\0004\000\040\040\024\000\040\000X\000M\000L\000C\000o\000n\000n\000e\000c\000t\000o\000r\000\040\000\050\000T\0002\000.\0005\000\051}{section.5}% 38
\BOOKMARK [3][-]{subsubsection.5.5.1}{\376\377\000P\000u\000r\000p\000o\000s\000e}{subsection.5.5}% 39
\BOOKMARK [3][-]{subsubsection.5.5.2}{\376\377\000S\000u\000p\000p\000o\000r\000t\000e\000d\000\040\000X\000M\000L\000\040\000S\000t\000a\000n\000d\000a\000r\000d\000s}{subsection.5.5}% 40
\BOOKMARK [3][-]{subsubsection.5.5.3}{\376\377\000I\000m\000p\000l\000e\000m\000e\000n\000t\000a\000t\000i\000o\000n}{subsection.5.5}% 41
\BOOKMARK [3][-]{subsubsection.5.5.4}{\376\377\000S\000c\000h\000e\000d\000u\000l\000e}{subsection.5.5}% 42
\BOOKMARK [2][-]{subsection.5.6}{\376\377\000C\000o\000n\000n\000e\000c\000t\000o\000r\000\040\0005\000\040\040\024\000\040\000E\000m\000a\000i\000l\000C\000o\000n\000n\000e\000c\000t\000o\000r\000\040\000\050\000T\0002\000.\0006\000\051}{section.5}% 43
\BOOKMARK [3][-]{subsubsection.5.6.1}{\376\377\000P\000u\000r\000p\000o\000s\000e}{subsection.5.6}% 44
\BOOKMARK [3][-]{subsubsection.5.6.2}{\376\377\000I\000m\000p\000l\000e\000m\000e\000n\000t\000a\000t\000i\000o\000n}{subsection.5.6}% 45
\BOOKMARK [3][-]{subsubsection.5.6.3}{\376\377\000C\000o\000n\000f\000i\000g\000u\000r\000a\000t\000i\000o\000n}{subsection.5.6}% 46
\BOOKMARK [3][-]{subsubsection.5.6.4}{\376\377\000S\000c\000h\000e\000d\000u\000l\000e}{subsection.5.6}% 47
\BOOKMARK [2][-]{subsection.5.7}{\376\377\000C\000o\000n\000n\000e\000c\000t\000o\000r\000\040\000S\000c\000h\000e\000d\000u\000l\000e\000\040\000S\000u\000m\000m\000a\000r\000y}{section.5}% 48
\BOOKMARK [1][-]{section.6}{\376\377\000D\000a\000t\000a\000\040\000F\000l\000o\000w}{}% 49
\BOOKMARK [2][-]{subsection.6.1}{\376\377\000E\000n\000d\000-\000t\000o\000-\000E\000n\000d\000\040\000I\000n\000g\000e\000s\000t\000i\000o\000n\000\040\000P\000i\000p\000e\000l\000i\000n\000e}{section.6}% 50
\BOOKMARK [2][-]{subsection.6.2}{\376\377\000S\000t\000e\000p\000-\000b\000y\000-\000S\000t\000e\000p\000\040\000D\000e\000s\000c\000r\000i\000p\000t\000i\000o\000n}{section.6}% 51
\BOOKMARK [1][-]{section.7}{\376\377\000U\000R\000L\000\040\000N\000o\000r\000m\000a\000l\000i\000s\000a\000t\000i\000o\000n\000\040\000a\000n\000d\000\040\000S\000p\000i\000d\000e\000r\000-\000T\000r\000a\000p\000\040\000D\000e\000t\000e\000c\000t\000i\000o\000n\000\040\000\050\000T\0002\000.\0007\000\051}{}% 52
\BOOKMARK [2][-]{subsection.7.1}{\376\377\000O\000v\000e\000r\000v\000i\000e\000w}{section.7}% 53
\BOOKMARK [2][-]{subsection.7.2}{\376\377\000U\000R\000L\000\040\000N\000o\000r\000m\000a\000l\000i\000s\000a\000t\000i\000o\000n}{section.7}% 54
\BOOKMARK [2][-]{subsection.7.3}{\376\377\000D\000o\000m\000a\000i\000n\000\040\000B\000o\000u\000n\000d\000a\000r\000y\000\040\000E\000n\000f\000o\000r\000c\000e\000m\000e\000n\000t}{section.7}% 55
\BOOKMARK [2][-]{subsection.7.4}{\376\377\000S\000p\000i\000d\000e\000r\000-\000T\000r\000a\000p\000\040\000D\000e\000t\000e\000c\000t\000i\000o\000n}{section.7}% 56
\BOOKMARK [1][-]{section.8}{\376\377\000D\000e\000d\000u\000p\000l\000i\000c\000a\000t\000i\000o\000n\000\040\000M\000e\000c\000h\000a\000n\000i\000s\000m}{}% 57
\BOOKMARK [2][-]{subsection.8.1}{\376\377\000D\000e\000s\000i\000g\000n}{section.8}% 58
\BOOKMARK [2][-]{subsection.8.2}{\376\377\000T\000h\000r\000e\000e\000-\000L\000a\000y\000e\000r\000\040\000D\000e\000d\000u\000p\000l\000i\000c\000a\000t\000i\000o\000n}{section.8}% 59
\BOOKMARK [2][-]{subsection.8.3}{\376\377\000U\000p\000s\000e\000r\000t\000\040\000I\000m\000p\000l\000e\000m\000e\000n\000t\000a\000t\000i\000o\000n}{section.8}% 60
\BOOKMARK [2][-]{subsection.8.4}{\376\377\000R\000o\000b\000u\000s\000t\000n\000e\000s\000s\000\040\000P\000r\000o\000p\000e\000r\000t\000i\000e\000s}{section.8}% 61
\BOOKMARK [1][-]{section.9}{\376\377\000S\0003\000\040\000A\000r\000t\000i\000f\000a\000c\000t\000\040\000S\000t\000o\000r\000a\000g\000e\000\040\000\050\000T\0002\000.\0009\000\051}{}% 62
\BOOKMARK [2][-]{subsection.9.1}{\376\377\000P\000u\000r\000p\000o\000s\000e}{section.9}% 63
\BOOKMARK [2][-]{subsection.9.2}{\376\377\000K\000e\000y\000\040\000N\000a\000m\000i\000n\000g\000\040\000C\000o\000n\000v\000e\000n\000t\000i\000o\000n}{section.9}% 64
\BOOKMARK [2][-]{subsection.9.3}{\376\377\000E\000x\000a\000m\000p\000l\000e\000\040\000S\0003\000\040\000U\000R\000I\000s}{section.9}% 65
\BOOKMARK [2][-]{subsection.9.4}{\376\377\000C\000o\000n\000f\000i\000g\000u\000r\000a\000t\000i\000o\000n}{section.9}% 66
\BOOKMARK [1][-]{section.10}{\376\377\000M\000o\000n\000i\000t\000o\000r\000e\000d\000\040\000R\000e\000g\000u\000l\000a\000t\000o\000r\000y\000\040\000S\000o\000u\000r\000c\000e\000s}{}% 67
\BOOKMARK [2][-]{subsection.10.1}{\376\377\000C\000o\000n\000f\000i\000g\000u\000r\000e\000d\000\040\000S\000o\000u\000r\000c\000e\000s}{section.10}% 68
\BOOKMARK [2][-]{subsection.10.2}{\376\377\000F\000i\000n\000a\000n\000c\000i\000a\000l\000\040\000C\000o\000n\000d\000u\000c\000t\000\040\000A\000u\000t\000h\000o\000r\000i\000t\000y\000\040\000\050\000F\000C\000A\000\051}{section.10}% 69
\BOOKMARK [2][-]{subsection.10.3}{\376\377\000E\000U\000R\000-\000L\000e\000x}{section.10}% 70
\BOOKMARK [2][-]{subsection.10.4}{\376\377\000F\000e\000d\000e\000r\000a\000l\000\040\000R\000e\000g\000i\000s\000t\000e\000r\000\040\000/\000\040\000G\000o\000v\000I\000n\000f\000o\000\040\000\050\000U\000S\000\051}{section.10}% 71
\BOOKMARK [1][-]{section.11}{\376\377\000C\000u\000r\000r\000e\000n\000t\000\040\000D\000a\000t\000a\000\040\000C\000o\000l\000l\000e\000c\000t\000i\000o\000n\000\040\000S\000t\000a\000t\000u\000s}{}% 72
\BOOKMARK [2][-]{subsection.11.1}{\376\377\000D\000o\000c\000u\000m\000e\000n\000t\000s\000\040\000C\000o\000l\000l\000e\000c\000t\000e\000d}{section.11}% 73
\BOOKMARK [2][-]{subsection.11.2}{\376\377\000A\000n\000a\000l\000y\000s\000i\000s}{section.11}% 74
\BOOKMARK [1][-]{section.12}{\376\377\000A\000p\000p\000l\000i\000c\000a\000t\000i\000o\000n\000\040\000C\000o\000n\000f\000i\000g\000u\000r\000a\000t\000i\000o\000n}{}% 75
\BOOKMARK [1][-]{section.13}{\376\377\000O\000p\000e\000r\000a\000t\000i\000o\000n\000a\000l\000\040\000P\000r\000o\000c\000e\000d\000u\000r\000e\000s}{}% 76
\BOOKMARK [2][-]{subsection.13.1}{\376\377\000S\000t\000a\000r\000t\000i\000n\000g\000\040\000t\000h\000e\000\040\000S\000t\000a\000c\000k}{section.13}% 77
\BOOKMARK [2][-]{subsection.13.2}{\376\377\000R\000u\000n\000n\000i\000n\000g\000\040\000M\000i\000g\000r\000a\000t\000i\000o\000n\000s}{section.13}% 78
\BOOKMARK [2][-]{subsection.13.3}{\376\377\000C\000h\000e\000c\000k\000i\000n\000g\000\040\000C\000e\000l\000e\000r\000y\000\040\000T\000a\000s\000k\000s}{section.13}% 79
\BOOKMARK [2][-]{subsection.13.4}{\376\377\000T\000r\000i\000g\000g\000e\000r\000i\000n\000g\000\040\000M\000a\000n\000u\000a\000l\000\040\000I\000n\000g\000e\000s\000t\000i\000o\000n}{section.13}% 80
\BOOKMARK [2][-]{subsection.13.5}{\376\377\000H\000e\000a\000r\000t\000b\000e\000a\000t\000\040\000M\000o\000n\000i\000t\000o\000r\000i\000n\000g}{section.13}% 81
\BOOKMARK [1][-]{section.14}{\376\377\000W\000h\000a\000t\000\040\000i\000s\000\040\000W\000o\000r\000k\000i\000n\000g\000\040\000a\000n\000d\000\040\000W\000h\000a\000t\000\040\000i\000s\000\040\000N\000o\000t\000\040\000Y\000e\000t\000\040\000I\000m\000p\000l\000e\000m\000e\000n\000t\000e\000d}{}% 82
\BOOKMARK [2][-]{subsection.14.1}{\376\377\000I\000m\000p\000l\000e\000m\000e\000n\000t\000e\000d\000\040\000a\000n\000d\000\040\000F\000u\000n\000c\000t\000i\000o\000n\000a\000l}{section.14}% 83
\BOOKMARK [2][-]{subsection.14.2}{\376\377\000N\000o\000t\000\040\000Y\000e\000t\000\040\000I\000m\000p\000l\000e\000m\000e\000n\000t\000e\000d}{section.14}% 84
\BOOKMARK [1][-]{section.15}{\376\377\000S\000e\000c\000u\000r\000i\000t\000y\000\040\000C\000o\000n\000s\000i\000d\000e\000r\000a\000t\000i\000o\000n\000s}{}% 85
\BOOKMARK [1][-]{section.16}{\376\377\000P\000r\000o\000j\000e\000c\000t\000\040\000F\000i\000l\000e\000\040\000S\000t\000r\000u\000c\000t\000u\000r\000e}{}% 86
\BOOKMARK [1][-]{section.17}{\376\377\000C\000o\000n\000c\000l\000u\000s\000i\000o\000n}{}% 87
\BOOKMARK [1][-]{appendix.A}{\376\377\000C\000e\000l\000e\000r\000y\000\040\000B\000e\000a\000t\000\040\000S\000c\000h\000e\000d\000u\000l\000e\000\040\000R\000e\000f\000e\000r\000e\000n\000c\000e}{}% 88
\BOOKMARK [1][-]{appendix.B}{\376\377\000G\000l\000o\000s\000s\000a\000r\000y}{}% 89
